D:\Program Files (x86)\Microsoft Visual Studio\2017\Community\Common7\IDE\VC\VCTargets\Microsoft.CppBuild.targets(391,5): warning MSB8028: The intermediate directory (x64\Debug\) contains files shared from another project (ClassEngine.vcxproj).  This can lead to incorrect clean and rebuild behavior.
  BasicLight.cpp
d:\users\alton\documents\github\dream-z-engine\dreamzengine\engine\fx\basiclight.cpp(20): warning C4267: 'return': conversion from 'size_t' to 'GLuint', possible loss of data
  Main.cpp
  GameObject.cpp
  SkyBox.cpp
  Terrain.cpp
d:\users\alton\documents\github\dream-z-engine\dreamzengine\engine\rendering\3d\terrain.cpp(57): warning C4267: 'argument': conversion from 'size_t' to 'int', possible loss of data
  Game1.cpp
  Model.cpp
d:\users\alton\documents\github\dream-z-engine\dreamzengine\engine\rendering\3d\model.cpp(14): warning C4267: 'return': conversion from 'size_t' to 'GLuint', possible loss of data
  SceneGraph.cpp
  Generating Code...
BasicLight.obj : error LNK2001: unresolved external symbol __imp___glewBindBuffer
SkyBox.obj : error LNK2001: unresolved external symbol __imp___glewBindBuffer
Terrain.obj : error LNK2001: unresolved external symbol __imp___glewBindBuffer
Mesh.obj : error LNK2001: unresolved external symbol __imp___glewBindBuffer
BasicLight.obj : error LNK2001: unresolved external symbol __imp___glewBufferData
SkyBox.obj : error LNK2001: unresolved external symbol __imp___glewBufferData
Terrain.obj : error LNK2001: unresolved external symbol __imp___glewBufferData
Mesh.obj : error LNK2001: unresolved external symbol __imp___glewBufferData
BasicLight.obj : error LNK2001: unresolved external symbol __imp___glewGenBuffers
SkyBox.obj : error LNK2001: unresolved external symbol __imp___glewGenBuffers
Terrain.obj : error LNK2001: unresolved external symbol __imp___glewGenBuffers
Mesh.obj : error LNK2001: unresolved external symbol __imp___glewGenBuffers
BasicLight.obj : error LNK2001: unresolved external symbol __imp___glewEnableVertexAttribArray
SkyBox.obj : error LNK2001: unresolved external symbol __imp___glewEnableVertexAttribArray
Terrain.obj : error LNK2001: unresolved external symbol __imp___glewEnableVertexAttribArray
Mesh.obj : error LNK2001: unresolved external symbol __imp___glewEnableVertexAttribArray
BasicLight.obj : error LNK2001: unresolved external symbol __imp___glewVertexAttribPointer
SkyBox.obj : error LNK2001: unresolved external symbol __imp___glewVertexAttribPointer
Terrain.obj : error LNK2001: unresolved external symbol __imp___glewVertexAttribPointer
Mesh.obj : error LNK2001: unresolved external symbol __imp___glewVertexAttribPointer
BasicLight.obj : error LNK2001: unresolved external symbol __imp___glewGenerateMipmap
SkyBox.obj : error LNK2001: unresolved external symbol __imp___glewGenerateMipmap
Terrain.obj : error LNK2001: unresolved external symbol __imp___glewGenerateMipmap
Model.obj : error LNK2001: unresolved external symbol __imp___glewGenerateMipmap
SceneGraph.obj : error LNK2001: unresolved external symbol __imp___glewBindVertexArray
BasicLight.obj : error LNK2001: unresolved external symbol __imp___glewBindVertexArray
SkyBox.obj : error LNK2001: unresolved external symbol __imp___glewBindVertexArray
Terrain.obj : error LNK2001: unresolved external symbol __imp___glewBindVertexArray
Mesh.obj : error LNK2001: unresolved external symbol __imp___glewBindVertexArray
BasicLight.obj : error LNK2001: unresolved external symbol __imp___glewGenVertexArrays
SkyBox.obj : error LNK2001: unresolved external symbol __imp___glewGenVertexArrays
Terrain.obj : error LNK2001: unresolved external symbol __imp___glewGenVertexArrays
Mesh.obj : error LNK2001: unresolved external symbol __imp___glewGenVertexArrays
AudioLoader.obj : error LNK2019: unresolved external symbol Mix_Quit referenced in function "private: __cdecl AudioLoader::~AudioLoader(void)" (??1AudioLoader@@AEAA@XZ)
AudioLoader.obj : error LNK2019: unresolved external symbol Mix_PlayChannelTimed referenced in function "public: static void __cdecl AudioLoader::PlaySFX(class std::basic_string<char,struct std::char_traits<char>,class std::allocator<char> >,int,int)" (?PlaySFX@AudioLoader@@SAXV?$basic_string@DU?$char_traits@D@std@@V?$allocator@D@2@@std@@HH@Z)
AudioLoader.obj : error LNK2019: unresolved external symbol Mix_PlayMusic referenced in function "public: static void __cdecl AudioLoader::PlayMusic(class std::basic_string<char,struct std::char_traits<char>,class std::allocator<char> >,int)" (?PlayMusic@AudioLoader@@SAXV?$basic_string@DU?$char_traits@D@std@@V?$allocator@D@2@@std@@H@Z)
AudioLoader.obj : error LNK2019: unresolved external symbol Mix_PauseMusic referenced in function "public: void __cdecl AudioLoader::PauseMusic(void)" (?PauseMusic@AudioLoader@@QEAAXXZ)
AudioLoader.obj : error LNK2019: unresolved external symbol Mix_ResumeMusic referenced in function "public: void __cdecl AudioLoader::ResumeMusic(void)" (?ResumeMusic@AudioLoader@@QEAAXXZ)
AudioLoader.obj : error LNK2019: unresolved external symbol Mix_PausedMusic referenced in function "public: void __cdecl AudioLoader::ResumeMusic(void)" (?ResumeMusic@AudioLoader@@QEAAXXZ)
AudioLoader.obj : error LNK2019: unresolved external symbol Mix_PlayingMusic referenced in function "public: void __cdecl AudioLoader::PauseMusic(void)" (?PauseMusic@AudioLoader@@QEAAXXZ)
AudioHandler.obj : error LNK2019: unresolved external symbol SDL_GetError referenced in function "public: struct _Mix_Music * __cdecl AudioHandler::GetMusic(class std::basic_string<char,struct std::char_traits<char>,class std::allocator<char> > const &)" (?GetMusic@AudioHandler@@QEAAPEAU_Mix_Music@@AEBV?$basic_string@DU?$char_traits@D@std@@V?$allocator@D@2@@std@@@Z)
AudioHandler.obj : error LNK2019: unresolved external symbol SDL_RWFromFile referenced in function "public: struct Mix_Chunk * __cdecl AudioHandler::GetSFX(class std::basic_string<char,struct std::char_traits<char>,class std::allocator<char> > const &)" (?GetSFX@AudioHandler@@QEAAPEAUMix_Chunk@@AEBV?$basic_string@DU?$char_traits@D@std@@V?$allocator@D@2@@std@@@Z)
AudioHandler.obj : error LNK2019: unresolved external symbol Mix_OpenAudio referenced in function "private: __cdecl AudioHandler::AudioHandler(void)" (??0AudioHandler@@AEAA@XZ)
AudioHandler.obj : error LNK2019: unresolved external symbol Mix_LoadWAV_RW referenced in function "public: struct Mix_Chunk * __cdecl AudioHandler::GetSFX(class std::basic_string<char,struct std::char_traits<char>,class std::allocator<char> > const &)" (?GetSFX@AudioHandler@@QEAAPEAUMix_Chunk@@AEBV?$basic_string@DU?$char_traits@D@std@@V?$allocator@D@2@@std@@@Z)
AudioHandler.obj : error LNK2019: unresolved external symbol Mix_LoadMUS referenced in function "public: struct _Mix_Music * __cdecl AudioHandler::GetMusic(class std::basic_string<char,struct std::char_traits<char>,class std::allocator<char> > const &)" (?GetMusic@AudioHandler@@QEAAPEAU_Mix_Music@@AEBV?$basic_string@DU?$char_traits@D@std@@V?$allocator@D@2@@std@@@Z)
EngineClass.obj : error LNK2019: unresolved external symbol SDL_GL_SwapWindow referenced in function "private: void __cdecl EngineClass::Render(void)" (?Render@EngineClass@@AEAAXXZ)
EngineClass.obj : error LNK2019: unresolved external symbol SDL_WarpMouseInWindow referenced in function "public: bool __cdecl EngineClass::Initialize(class std::basic_string<char,struct std::char_traits<char>,class std::allocator<char> >,int,int)" (?Initialize@EngineClass@@QEAA_NV?$basic_string@DU?$char_traits@D@std@@V?$allocator@D@2@@std@@HH@Z)
EngineClass.obj : error LNK2019: unresolved external symbol SDL_Delay referenced in function "public: void __cdecl EngineClass::Run(void)" (?Run@EngineClass@@QEAAXXZ)
EngineClass.obj : error LNK2019: unresolved external symbol SDL_Quit referenced in function "private: void __cdecl EngineClass::Shutdown(void)" (?Shutdown@EngineClass@@AEAAXXZ)
Window.obj : error LNK2019: unresolved external symbol SDL_CreateWindow referenced in function "public: bool __cdecl Window::Initialize(class std::basic_string<char,struct std::char_traits<char>,class std::allocator<char> >,int,int)" (?Initialize@Window@@QEAA_NV?$basic_string@DU?$char_traits@D@std@@V?$allocator@D@2@@std@@HH@Z)
Window.obj : error LNK2019: unresolved external symbol SDL_DestroyWindow referenced in function "public: void __cdecl Window::Shutdown(void)" (?Shutdown@Window@@QEAAXXZ)
Window.obj : error LNK2019: unresolved external symbol SDL_GL_SetAttribute referenced in function "private: void __cdecl Window::SetAttributes(void)" (?SetAttributes@Window@@AEAAXXZ)
Window.obj : error LNK2019: unresolved external symbol SDL_GL_CreateContext referenced in function "public: bool __cdecl Window::Initialize(class std::basic_string<char,struct std::char_traits<char>,class std::allocator<char> >,int,int)" (?Initialize@Window@@QEAA_NV?$basic_string@DU?$char_traits@D@std@@V?$allocator@D@2@@std@@HH@Z)
Window.obj : error LNK2019: unresolved external symbol SDL_GL_SetSwapInterval referenced in function "private: void __cdecl Window::SetAttributes(void)" (?SetAttributes@Window@@AEAAXXZ)
Window.obj : error LNK2019: unresolved external symbol SDL_GL_DeleteContext referenced in function "public: void __cdecl Window::Shutdown(void)" (?Shutdown@Window@@QEAAXXZ)
Window.obj : error LNK2019: unresolved external symbol SDL_Init referenced in function "public: bool __cdecl Window::Initialize(class std::basic_string<char,struct std::char_traits<char>,class std::allocator<char> >,int,int)" (?Initialize@Window@@QEAA_NV?$basic_string@DU?$char_traits@D@std@@V?$allocator@D@2@@std@@HH@Z)
Window.obj : error LNK2019: unresolved external symbol __imp_glewInit referenced in function "public: bool __cdecl Window::Initialize(class std::basic_string<char,struct std::char_traits<char>,class std::allocator<char> >,int,int)" (?Initialize@Window@@QEAA_NV?$basic_string@DU?$char_traits@D@std@@V?$allocator@D@2@@std@@HH@Z)
Window.obj : error LNK2001: unresolved external symbol __imp_glewExperimental
Timer.obj : error LNK2019: unresolved external symbol SDL_GetTicks referenced in function "public: unsigned int __cdecl Timer::GetSleepTime(unsigned int)const " (?GetSleepTime@Timer@@QEBAII@Z)
EventListener.obj : error LNK2019: unresolved external symbol SDL_PollEvent referenced in function "public: static void __cdecl EventListener::Update(void)" (?Update@EventListener@@SAXXZ)
SkyBox.obj : error LNK2001: unresolved external symbol __imp___glewActiveTexture
Terrain.obj : error LNK2001: unresolved external symbol __imp___glewActiveTexture
Mesh.obj : error LNK2001: unresolved external symbol __imp___glewActiveTexture
Mesh.obj : error LNK2001: unresolved external symbol __imp___glewGetUniformLocation
Shader.obj : error LNK2001: unresolved external symbol __imp___glewGetUniformLocation
Mesh.obj : error LNK2001: unresolved external symbol __imp___glewUniform1i
Shader.obj : error LNK2001: unresolved external symbol __imp___glewUniform1i
Model.obj : error LNK2019: unresolved external symbol "public: __cdecl Assimp::Importer::Importer(void)" (??0Importer@Assimp@@QEAA@XZ) referenced in function "public: void __cdecl Model::loadModel(class std::basic_string<char,struct std::char_traits<char>,class std::allocator<char> > const &)" (?loadModel@Model@@QEAAXAEBV?$basic_string@DU?$char_traits@D@std@@V?$allocator@D@2@@std@@@Z)
Model.obj : error LNK2019: unresolved external symbol "public: __cdecl Assimp::Importer::~Importer(void)" (??1Importer@Assimp@@QEAA@XZ) referenced in function "public: void __cdecl Model::loadModel(class std::basic_string<char,struct std::char_traits<char>,class std::allocator<char> > const &)" (?loadModel@Model@@QEAAXAEBV?$basic_string@DU?$char_traits@D@std@@V?$allocator@D@2@@std@@@Z)
Model.obj : error LNK2019: unresolved external symbol "public: struct aiScene const * __cdecl Assimp::Importer::ReadFile(char const *,unsigned int)" (?ReadFile@Importer@Assimp@@QEAAPEBUaiScene@@PEBDI@Z) referenced in function "public: struct aiScene const * __cdecl Assimp::Importer::ReadFile(class std::basic_string<char,struct std::char_traits<char>,class std::allocator<char> > const &,unsigned int)" (?ReadFile@Importer@Assimp@@QEAAPEBUaiScene@@AEBV?$basic_string@DU?$char_traits@D@std@@V?$allocator@D@2@@std@@I@Z)
Model.obj : error LNK2019: unresolved external symbol "public: char const * __cdecl Assimp::Importer::GetErrorString(void)const " (?GetErrorString@Importer@Assimp@@QEBAPEBDXZ) referenced in function "public: void __cdecl Model::loadModel(class std::basic_string<char,struct std::char_traits<char>,class std::allocator<char> > const &)" (?loadModel@Model@@QEAAXAEBV?$basic_string@DU?$char_traits@D@std@@V?$allocator@D@2@@std@@@Z)
Model.obj : error LNK2019: unresolved external symbol aiGetMaterialTextureCount referenced in function "public: unsigned int __cdecl aiMaterial::GetTextureCount(enum aiTextureType)const " (?GetTextureCount@aiMaterial@@QEBAIW4aiTextureType@@@Z)
Model.obj : error LNK2019: unresolved external symbol aiGetMaterialTexture referenced in function "public: enum aiReturn __cdecl aiMaterial::GetTexture(enum aiTextureType,unsigned int,struct aiString *,enum aiTextureMapping *,unsigned int *,float *,enum aiTextureOp *,enum aiTextureMapMode *)const " (?GetTexture@aiMaterial@@QEBA?AW4aiReturn@@W4aiTextureType@@IPEAUaiString@@PEAW4aiTextureMapping@@PEAIPEAMPEAW4aiTextureOp@@PEAW4aiTextureMapMode@@@Z)
ShaderHandler.obj : error LNK2001: unresolved external symbol __imp___glewAttachShader
Shader.obj : error LNK2001: unresolved external symbol __imp___glewAttachShader
ShaderHandler.obj : error LNK2001: unresolved external symbol __imp___glewCompileShader
Shader.obj : error LNK2001: unresolved external symbol __imp___glewCompileShader
ShaderHandler.obj : error LNK2001: unresolved external symbol __imp___glewCreateProgram
Shader.obj : error LNK2001: unresolved external symbol __imp___glewCreateProgram
ShaderHandler.obj : error LNK2001: unresolved external symbol __imp___glewCreateShader
Shader.obj : error LNK2001: unresolved external symbol __imp___glewCreateShader
ShaderHandler.obj : error LNK2001: unresolved external symbol __imp___glewDeleteProgram
ShaderHandler.obj : error LNK2001: unresolved external symbol __imp___glewDeleteShader
Shader.obj : error LNK2001: unresolved external symbol __imp___glewDeleteShader
ShaderHandler.obj : error LNK2001: unresolved external symbol __imp___glewGetProgramInfoLog
Shader.obj : error LNK2001: unresolved external symbol __imp___glewGetProgramInfoLog
ShaderHandler.obj : error LNK2001: unresolved external symbol __imp___glewGetProgramiv
Shader.obj : error LNK2001: unresolved external symbol __imp___glewGetProgramiv
ShaderHandler.obj : error LNK2001: unresolved external symbol __imp___glewGetShaderInfoLog
Shader.obj : error LNK2001: unresolved external symbol __imp___glewGetShaderInfoLog
ShaderHandler.obj : error LNK2001: unresolved external symbol __imp___glewGetShaderiv
Shader.obj : error LNK2001: unresolved external symbol __imp___glewGetShaderiv
ShaderHandler.obj : error LNK2001: unresolved external symbol __imp___glewLinkProgram
Shader.obj : error LNK2001: unresolved external symbol __imp___glewLinkProgram
ShaderHandler.obj : error LNK2001: unresolved external symbol __imp___glewShaderSource
Shader.obj : error LNK2001: unresolved external symbol __imp___glewShaderSource
MouseEventListener.obj : error LNK2019: unresolved external symbol SDL_GetMouseState referenced in function "private: static void __cdecl MouseEventListener::UpdateMousePosition(void)" (?UpdateMousePosition@MouseEventListener@@CAXXZ)
Shader.obj : error LNK2001: unresolved external symbol __imp___glewUniform1f
Shader.obj : error LNK2001: unresolved external symbol __imp___glewUniform2f
Shader.obj : error LNK2001: unresolved external symbol __imp___glewUniform2fv
Shader.obj : error LNK2001: unresolved external symbol __imp___glewUniform3f
Shader.obj : error LNK2001: unresolved external symbol __imp___glewUniform3fv
Shader.obj : error LNK2001: unresolved external symbol __imp___glewUniform4f
Shader.obj : error LNK2001: unresolved external symbol __imp___glewUniform4fv
Shader.obj : error LNK2001: unresolved external symbol __imp___glewUniformMatrix2fv
Shader.obj : error LNK2001: unresolved external symbol __imp___glewUniformMatrix3fv
Shader.obj : error LNK2001: unresolved external symbol __imp___glewUniformMatrix4fv
Shader.obj : error LNK2001: unresolved external symbol __imp___glewUseProgram
MSVCRTD.lib(exe_main.obj) : error LNK2019: unresolved external symbol main referenced in function "int __cdecl invoke_main(void)" (?invoke_main@@YAHXZ)
SDL2.lib : warning LNK4272: library machine type 'x86' conflicts with target machine type 'x64'
D:\Users\Alton\Documents\GitHub\Dream-Z-Engine\SDK_Source\SDL\lib\SDL2_image.lib : warning LNK4272: library machine type 'x86' conflicts with target machine type 'x64'
SDL2main.lib : warning LNK4272: library machine type 'x86' conflicts with target machine type 'x64'
SDL2test.lib : warning LNK4272: library machine type 'x86' conflicts with target machine type 'x64'
D:\Users\Alton\Documents\GitHub\Dream-Z-Engine\SDK_Source\OpenGL\lib\glew32.lib : warning LNK4272: library machine type 'x86' conflicts with target machine type 'x64'
D:\Users\Alton\Documents\GitHub\Dream-Z-Engine\SDK_Source\OpenGL\lib\glew32s.lib : warning LNK4272: library machine type 'x86' conflicts with target machine type 'x64'
D:\Users\Alton\Documents\GitHub\Dream-Z-Engine\x64\Debug\DreamZEngine.exe : fatal error LNK1120: 69 unresolved externals
